<?xml version="1.0" encoding="UTF-8"?>
<!-- Generated by org.testng.reporters.JUnitReportReporter -->
<testsuite hostname="DESKTOP-SO6VLQO" failures="0" tests="1" name="testsclass.LoginTest" time="7.049" errors="0" timestamp="2023-06-13T16:10:42 IST" skipped="0">
  <testcase classname="testsclass.LoginTest" name="verifylogin" time="7.049"/>
  <system-out/>
</testsuite> <!-- testsclass.LoginTest -->
