<?xml version="1.0" encoding="UTF-8"?>
<!-- Generated by org.testng.reporters.JUnitReportReporter -->
<testsuite hostname="DESKTOP-SO6VLQO" failures="0" tests="1" name="testsclass.CheckOut_overviewTest" time="0.048" errors="0" timestamp="2023-06-12T23:38:41 IST" skipped="0">
  <testcase classname="testsclass.CheckOut_overviewTest" name="checkout_final" time="0.048"/>
  <system-out/>
</testsuite> <!-- testsclass.CheckOut_overviewTest -->
