<?xml version="1.0" encoding="UTF-8"?>
<!-- Generated by org.testng.reporters.JUnitReportReporter -->
<testsuite hostname="DESKTOP-SO6VLQO" failures="0" tests="1" name="testsclass.CheckOutTest" time="0.090" errors="0" timestamp="2023-06-12T23:38:41 IST" skipped="0">
  <testcase classname="testsclass.CheckOutTest" name="checkout" time="0.090"/>
  <system-out/>
</testsuite> <!-- testsclass.CheckOutTest -->
